<?xml version="1.0" encoding="UTF-8"?>
<testng-results skipped="0" failed="0" ignored="0" total="1" passed="1">
  <reporter-output>
  </reporter-output>
  <suite name="Default suite" duration-ms="9384" started-at="2021-02-12T20:37:38 IST" finished-at="2021-02-12T20:37:48 IST">
    <groups>
    </groups>
    <test name="Default test" duration-ms="9384" started-at="2021-02-12T20:37:38 IST" finished-at="2021-02-12T20:37:48 IST">
      <class name="api_testClasses.REQRES.AddUser">
        <test-method status="PASS" signature="addNewUser()[pri:0, instance:api_testClasses.REQRES.AddUser@64729b1e]" name="addNewUser" duration-ms="9283" started-at="2021-02-12T20:37:38 IST" finished-at="2021-02-12T20:37:48 IST">
          <reporter-output>
          </reporter-output>
        </test-method> <!-- addNewUser -->
      </class> <!-- api_testClasses.REQRES.AddUser -->
    </test> <!-- Default test -->
  </suite> <!-- Default suite -->
</testng-results>
